[2024-01-12 22:59:01] local.ERROR: require(/Users/us/Documents/GitHub/phpshort/routes/api.php): Failed to open stream: No such file or directory {"exception":"[object] (ErrorException(code: 0): require(/Users/us/Documents/GitHub/phpshort/routes/api.php): Failed to open stream: No such file or directory at /Users/us/Documents/GitHub/phpshort/vendor/laravel/framework/src/Illuminate/Routing/RouteFileRegistrar.php:35)
[stacktrace]
#0 /Users/us/Documents/GitHub/phpshort/vendor/laravel/framework/src/Illuminate/Foundation/Bootstrap/HandleExceptions.php(270): Illuminate\\Foundation\\Bootstrap\\HandleExceptions->handleError(2, 'require(/Users/...', '/Users/us/Docum...', 35)
#1 /Users/us/Documents/GitHub/phpshort/vendor/laravel/framework/src/Illuminate/Routing/RouteFileRegistrar.php(35): Illuminate\\Foundation\\Bootstrap\\HandleExceptions->Illuminate\\Foundation\\Bootstrap\\{closure}(2, 'require(/Users/...', '/Users/us/Docum...', 35)
#2 /Users/us/Documents/GitHub/phpshort/vendor/laravel/framework/src/Illuminate/Routing/RouteFileRegistrar.php(35): require('/Users/us/Docum...')
#3 /Users/us/Documents/GitHub/phpshort/vendor/laravel/framework/src/Illuminate/Routing/Router.php(503): Illuminate\\Routing\\RouteFileRegistrar->register('/Users/us/Docum...')
#4 /Users/us/Documents/GitHub/phpshort/vendor/laravel/framework/src/Illuminate/Routing/Router.php(457): Illuminate\\Routing\\Router->loadRoutes('/Users/us/Docum...')
#5 /Users/us/Documents/GitHub/phpshort/vendor/laravel/framework/src/Illuminate/Routing/RouteRegistrar.php(192): Illuminate\\Routing\\Router->group(Array, '/Users/us/Docum...')
#6 /Users/us/Documents/GitHub/phpshort/app/Providers/RouteServiceProvider.php(71): Illuminate\\Routing\\RouteRegistrar->group('/Users/us/Docum...')
#7 /Users/us/Documents/GitHub/phpshort/app/Providers/RouteServiceProvider.php(38): App\\Providers\\RouteServiceProvider->mapApiRoutes()
#8 /Users/us/Documents/GitHub/phpshort/vendor/laravel/framework/src/Illuminate/Container/BoundMethod.php(36): App\\Providers\\RouteServiceProvider->map()
#9 /Users/us/Documents/GitHub/phpshort/vendor/laravel/framework/src/Illuminate/Container/Util.php(41): Illuminate\\Container\\BoundMethod::Illuminate\\Container\\{closure}()
#10 /Users/us/Documents/GitHub/phpshort/vendor/laravel/framework/src/Illuminate/Container/BoundMethod.php(93): Illuminate\\Container\\Util::unwrapIfClosure(Object(Closure))
#11 /Users/us/Documents/GitHub/phpshort/vendor/laravel/framework/src/Illuminate/Container/BoundMethod.php(35): Illuminate\\Container\\BoundMethod::callBoundMethod(Object(Illuminate\\Foundation\\Application), Array, Object(Closure))
#12 /Users/us/Documents/GitHub/phpshort/vendor/laravel/framework/src/Illuminate/Container/Container.php(661): Illuminate\\Container\\BoundMethod::call(Object(Illuminate\\Foundation\\Application), Array, Array, NULL)
#13 /Users/us/Documents/GitHub/phpshort/vendor/laravel/framework/src/Illuminate/Foundation/Support/Providers/RouteServiceProvider.php(122): Illuminate\\Container\\Container->call(Array)
#14 /Users/us/Documents/GitHub/phpshort/vendor/laravel/framework/src/Illuminate/Foundation/Support/Providers/RouteServiceProvider.php(45): Illuminate\\Foundation\\Support\\Providers\\RouteServiceProvider->loadRoutes()
#15 /Users/us/Documents/GitHub/phpshort/vendor/laravel/framework/src/Illuminate/Container/BoundMethod.php(36): Illuminate\\Foundation\\Support\\Providers\\RouteServiceProvider->Illuminate\\Foundation\\Support\\Providers\\{closure}()
#16 /Users/us/Documents/GitHub/phpshort/vendor/laravel/framework/src/Illuminate/Container/Util.php(41): Illuminate\\Container\\BoundMethod::Illuminate\\Container\\{closure}()
#17 /Users/us/Documents/GitHub/phpshort/vendor/laravel/framework/src/Illuminate/Container/BoundMethod.php(81): Illuminate\\Container\\Util::unwrapIfClosure(Object(Closure))
#18 /Users/us/Documents/GitHub/phpshort/vendor/laravel/framework/src/Illuminate/Container/BoundMethod.php(35): Illuminate\\Container\\BoundMethod::callBoundMethod(Object(Illuminate\\Foundation\\Application), Object(Closure), Object(Closure))
#19 /Users/us/Documents/GitHub/phpshort/vendor/laravel/framework/src/Illuminate/Container/Container.php(661): Illuminate\\Container\\BoundMethod::call(Object(Illuminate\\Foundation\\Application), Object(Closure), Array, NULL)
#20 /Users/us/Documents/GitHub/phpshort/vendor/laravel/framework/src/Illuminate/Support/ServiceProvider.php(119): Illuminate\\Container\\Container->call(Object(Closure))
#21 /Users/us/Documents/GitHub/phpshort/vendor/laravel/framework/src/Illuminate/Foundation/Application.php(932): Illuminate\\Support\\ServiceProvider->callBootedCallbacks()
#22 /Users/us/Documents/GitHub/phpshort/vendor/laravel/framework/src/Illuminate/Foundation/Application.php(910): Illuminate\\Foundation\\Application->bootProvider(Object(App\\Providers\\RouteServiceProvider))
#23 [internal function]: Illuminate\\Foundation\\Application->Illuminate\\Foundation\\{closure}(Object(App\\Providers\\RouteServiceProvider), 27)
#24 /Users/us/Documents/GitHub/phpshort/vendor/laravel/framework/src/Illuminate/Foundation/Application.php(909): array_walk(Array, Object(Closure))
#25 /Users/us/Documents/GitHub/phpshort/vendor/laravel/framework/src/Illuminate/Foundation/Bootstrap/BootProviders.php(17): Illuminate\\Foundation\\Application->boot()
#26 /Users/us/Documents/GitHub/phpshort/vendor/laravel/framework/src/Illuminate/Foundation/Application.php(242): Illuminate\\Foundation\\Bootstrap\\BootProviders->bootstrap(Object(Illuminate\\Foundation\\Application))
#27 /Users/us/Documents/GitHub/phpshort/vendor/laravel/framework/src/Illuminate/Foundation/Console/Kernel.php(383): Illuminate\\Foundation\\Application->bootstrapWith(Array)
#28 /Users/us/Documents/GitHub/phpshort/vendor/laravel/framework/src/Illuminate/Foundation/Console/Kernel.php(153): Illuminate\\Foundation\\Console\\Kernel->bootstrap()
#29 /Users/us/Documents/GitHub/phpshort/artisan(35): Illuminate\\Foundation\\Console\\Kernel->handle(Object(Symfony\\Component\\Console\\Input\\ArgvInput), Object(Symfony\\Component\\Console\\Output\\ConsoleOutput))
#30 {main}
"} 
[2024-01-12 23:03:41] local.ERROR: require(/Users/us/Documents/GitHub/phpshort/routes/web.php): Failed to open stream: No such file or directory {"exception":"[object] (ErrorException(code: 0): require(/Users/us/Documents/GitHub/phpshort/routes/web.php): Failed to open stream: No such file or directory at /Users/us/Documents/GitHub/phpshort/vendor/laravel/framework/src/Illuminate/Routing/RouteFileRegistrar.php:35)
[stacktrace]
#0 /Users/us/Documents/GitHub/phpshort/vendor/laravel/framework/src/Illuminate/Foundation/Bootstrap/HandleExceptions.php(270): Illuminate\\Foundation\\Bootstrap\\HandleExceptions->handleError(2, 'require(/Users/...', '/Users/us/Docum...', 35)
#1 /Users/us/Documents/GitHub/phpshort/vendor/laravel/framework/src/Illuminate/Routing/RouteFileRegistrar.php(35): Illuminate\\Foundation\\Bootstrap\\HandleExceptions->Illuminate\\Foundation\\Bootstrap\\{closure}(2, 'require(/Users/...', '/Users/us/Docum...', 35)
#2 /Users/us/Documents/GitHub/phpshort/vendor/laravel/framework/src/Illuminate/Routing/RouteFileRegistrar.php(35): require('/Users/us/Docum...')
#3 /Users/us/Documents/GitHub/phpshort/vendor/laravel/framework/src/Illuminate/Routing/Router.php(503): Illuminate\\Routing\\RouteFileRegistrar->register('/Users/us/Docum...')
#4 /Users/us/Documents/GitHub/phpshort/vendor/laravel/framework/src/Illuminate/Routing/Router.php(457): Illuminate\\Routing\\Router->loadRoutes('/Users/us/Docum...')
#5 /Users/us/Documents/GitHub/phpshort/vendor/laravel/framework/src/Illuminate/Routing/RouteRegistrar.php(192): Illuminate\\Routing\\Router->group(Array, '/Users/us/Docum...')
#6 /Users/us/Documents/GitHub/phpshort/app/Providers/RouteServiceProvider.php(56): Illuminate\\Routing\\RouteRegistrar->group('/Users/us/Docum...')
#7 /Users/us/Documents/GitHub/phpshort/app/Providers/RouteServiceProvider.php(40): App\\Providers\\RouteServiceProvider->mapWebRoutes()
#8 /Users/us/Documents/GitHub/phpshort/vendor/laravel/framework/src/Illuminate/Container/BoundMethod.php(36): App\\Providers\\RouteServiceProvider->map()
#9 /Users/us/Documents/GitHub/phpshort/vendor/laravel/framework/src/Illuminate/Container/Util.php(41): Illuminate\\Container\\BoundMethod::Illuminate\\Container\\{closure}()
#10 /Users/us/Documents/GitHub/phpshort/vendor/laravel/framework/src/Illuminate/Container/BoundMethod.php(93): Illuminate\\Container\\Util::unwrapIfClosure(Object(Closure))
#11 /Users/us/Documents/GitHub/phpshort/vendor/laravel/framework/src/Illuminate/Container/BoundMethod.php(35): Illuminate\\Container\\BoundMethod::callBoundMethod(Object(Illuminate\\Foundation\\Application), Array, Object(Closure))
#12 /Users/us/Documents/GitHub/phpshort/vendor/laravel/framework/src/Illuminate/Container/Container.php(661): Illuminate\\Container\\BoundMethod::call(Object(Illuminate\\Foundation\\Application), Array, Array, NULL)
#13 /Users/us/Documents/GitHub/phpshort/vendor/laravel/framework/src/Illuminate/Foundation/Support/Providers/RouteServiceProvider.php(122): Illuminate\\Container\\Container->call(Array)
#14 /Users/us/Documents/GitHub/phpshort/vendor/laravel/framework/src/Illuminate/Foundation/Support/Providers/RouteServiceProvider.php(45): Illuminate\\Foundation\\Support\\Providers\\RouteServiceProvider->loadRoutes()
#15 /Users/us/Documents/GitHub/phpshort/vendor/laravel/framework/src/Illuminate/Container/BoundMethod.php(36): Illuminate\\Foundation\\Support\\Providers\\RouteServiceProvider->Illuminate\\Foundation\\Support\\Providers\\{closure}()
#16 /Users/us/Documents/GitHub/phpshort/vendor/laravel/framework/src/Illuminate/Container/Util.php(41): Illuminate\\Container\\BoundMethod::Illuminate\\Container\\{closure}()
#17 /Users/us/Documents/GitHub/phpshort/vendor/laravel/framework/src/Illuminate/Container/BoundMethod.php(81): Illuminate\\Container\\Util::unwrapIfClosure(Object(Closure))
#18 /Users/us/Documents/GitHub/phpshort/vendor/laravel/framework/src/Illuminate/Container/BoundMethod.php(35): Illuminate\\Container\\BoundMethod::callBoundMethod(Object(Illuminate\\Foundation\\Application), Object(Closure), Object(Closure))
#19 /Users/us/Documents/GitHub/phpshort/vendor/laravel/framework/src/Illuminate/Container/Container.php(661): Illuminate\\Container\\BoundMethod::call(Object(Illuminate\\Foundation\\Application), Object(Closure), Array, NULL)
#20 /Users/us/Documents/GitHub/phpshort/vendor/laravel/framework/src/Illuminate/Support/ServiceProvider.php(119): Illuminate\\Container\\Container->call(Object(Closure))
#21 /Users/us/Documents/GitHub/phpshort/vendor/laravel/framework/src/Illuminate/Foundation/Application.php(932): Illuminate\\Support\\ServiceProvider->callBootedCallbacks()
#22 /Users/us/Documents/GitHub/phpshort/vendor/laravel/framework/src/Illuminate/Foundation/Application.php(910): Illuminate\\Foundation\\Application->bootProvider(Object(App\\Providers\\RouteServiceProvider))
#23 [internal function]: Illuminate\\Foundation\\Application->Illuminate\\Foundation\\{closure}(Object(App\\Providers\\RouteServiceProvider), 27)
#24 /Users/us/Documents/GitHub/phpshort/vendor/laravel/framework/src/Illuminate/Foundation/Application.php(909): array_walk(Array, Object(Closure))
#25 /Users/us/Documents/GitHub/phpshort/vendor/laravel/framework/src/Illuminate/Foundation/Bootstrap/BootProviders.php(17): Illuminate\\Foundation\\Application->boot()
#26 /Users/us/Documents/GitHub/phpshort/vendor/laravel/framework/src/Illuminate/Foundation/Application.php(242): Illuminate\\Foundation\\Bootstrap\\BootProviders->bootstrap(Object(Illuminate\\Foundation\\Application))
#27 /Users/us/Documents/GitHub/phpshort/vendor/laravel/framework/src/Illuminate/Foundation/Console/Kernel.php(383): Illuminate\\Foundation\\Application->bootstrapWith(Array)
#28 /Users/us/Documents/GitHub/phpshort/vendor/laravel/framework/src/Illuminate/Foundation/Console/Kernel.php(153): Illuminate\\Foundation\\Console\\Kernel->bootstrap()
#29 /Users/us/Documents/GitHub/phpshort/artisan(35): Illuminate\\Foundation\\Console\\Kernel->handle(Object(Symfony\\Component\\Console\\Input\\ArgvInput), Object(Symfony\\Component\\Console\\Output\\ConsoleOutput))
#30 {main}
"} 
[2024-01-12 23:04:38] local.ERROR: Object of class Illuminate\Routing\Router could not be converted to string {"exception":"[object] (Error(code: 0): Object of class Illuminate\\Routing\\Router could not be converted to string at /Users/us/Documents/GitHub/phpshort/vendor/laravel/framework/src/Illuminate/Routing/RouteFileRegistrar.php:35)
[stacktrace]
#0 /Users/us/Documents/GitHub/phpshort/vendor/laravel/framework/src/Illuminate/Routing/Router.php(503): Illuminate\\Routing\\RouteFileRegistrar->register('/Users/us/Docum...')
#1 /Users/us/Documents/GitHub/phpshort/vendor/laravel/framework/src/Illuminate/Routing/Router.php(457): Illuminate\\Routing\\Router->loadRoutes('/Users/us/Docum...')
#2 /Users/us/Documents/GitHub/phpshort/vendor/laravel/framework/src/Illuminate/Routing/RouteRegistrar.php(192): Illuminate\\Routing\\Router->group(Array, '/Users/us/Docum...')
#3 /Users/us/Documents/GitHub/phpshort/app/Providers/RouteServiceProvider.php(71): Illuminate\\Routing\\RouteRegistrar->group('/Users/us/Docum...')
#4 /Users/us/Documents/GitHub/phpshort/app/Providers/RouteServiceProvider.php(38): App\\Providers\\RouteServiceProvider->mapApiRoutes()
#5 /Users/us/Documents/GitHub/phpshort/vendor/laravel/framework/src/Illuminate/Container/BoundMethod.php(36): App\\Providers\\RouteServiceProvider->map()
#6 /Users/us/Documents/GitHub/phpshort/vendor/laravel/framework/src/Illuminate/Container/Util.php(41): Illuminate\\Container\\BoundMethod::Illuminate\\Container\\{closure}()
#7 /Users/us/Documents/GitHub/phpshort/vendor/laravel/framework/src/Illuminate/Container/BoundMethod.php(93): Illuminate\\Container\\Util::unwrapIfClosure(Object(Closure))
#8 /Users/us/Documents/GitHub/phpshort/vendor/laravel/framework/src/Illuminate/Container/BoundMethod.php(35): Illuminate\\Container\\BoundMethod::callBoundMethod(Object(Illuminate\\Foundation\\Application), Array, Object(Closure))
#9 /Users/us/Documents/GitHub/phpshort/vendor/laravel/framework/src/Illuminate/Container/Container.php(661): Illuminate\\Container\\BoundMethod::call(Object(Illuminate\\Foundation\\Application), Array, Array, NULL)
#10 /Users/us/Documents/GitHub/phpshort/vendor/laravel/framework/src/Illuminate/Foundation/Support/Providers/RouteServiceProvider.php(122): Illuminate\\Container\\Container->call(Array)
#11 /Users/us/Documents/GitHub/phpshort/vendor/laravel/framework/src/Illuminate/Foundation/Support/Providers/RouteServiceProvider.php(45): Illuminate\\Foundation\\Support\\Providers\\RouteServiceProvider->loadRoutes()
#12 /Users/us/Documents/GitHub/phpshort/vendor/laravel/framework/src/Illuminate/Container/BoundMethod.php(36): Illuminate\\Foundation\\Support\\Providers\\RouteServiceProvider->Illuminate\\Foundation\\Support\\Providers\\{closure}()
#13 /Users/us/Documents/GitHub/phpshort/vendor/laravel/framework/src/Illuminate/Container/Util.php(41): Illuminate\\Container\\BoundMethod::Illuminate\\Container\\{closure}()
#14 /Users/us/Documents/GitHub/phpshort/vendor/laravel/framework/src/Illuminate/Container/BoundMethod.php(81): Illuminate\\Container\\Util::unwrapIfClosure(Object(Closure))
#15 /Users/us/Documents/GitHub/phpshort/vendor/laravel/framework/src/Illuminate/Container/BoundMethod.php(35): Illuminate\\Container\\BoundMethod::callBoundMethod(Object(Illuminate\\Foundation\\Application), Object(Closure), Object(Closure))
#16 /Users/us/Documents/GitHub/phpshort/vendor/laravel/framework/src/Illuminate/Container/Container.php(661): Illuminate\\Container\\BoundMethod::call(Object(Illuminate\\Foundation\\Application), Object(Closure), Array, NULL)
#17 /Users/us/Documents/GitHub/phpshort/vendor/laravel/framework/src/Illuminate/Support/ServiceProvider.php(119): Illuminate\\Container\\Container->call(Object(Closure))
#18 /Users/us/Documents/GitHub/phpshort/vendor/laravel/framework/src/Illuminate/Foundation/Application.php(932): Illuminate\\Support\\ServiceProvider->callBootedCallbacks()
#19 /Users/us/Documents/GitHub/phpshort/vendor/laravel/framework/src/Illuminate/Foundation/Application.php(910): Illuminate\\Foundation\\Application->bootProvider(Object(App\\Providers\\RouteServiceProvider))
#20 [internal function]: Illuminate\\Foundation\\Application->Illuminate\\Foundation\\{closure}(Object(App\\Providers\\RouteServiceProvider), 27)
#21 /Users/us/Documents/GitHub/phpshort/vendor/laravel/framework/src/Illuminate/Foundation/Application.php(909): array_walk(Array, Object(Closure))
#22 /Users/us/Documents/GitHub/phpshort/vendor/laravel/framework/src/Illuminate/Foundation/Bootstrap/BootProviders.php(17): Illuminate\\Foundation\\Application->boot()
#23 /Users/us/Documents/GitHub/phpshort/vendor/laravel/framework/src/Illuminate/Foundation/Application.php(242): Illuminate\\Foundation\\Bootstrap\\BootProviders->bootstrap(Object(Illuminate\\Foundation\\Application))
#24 /Users/us/Documents/GitHub/phpshort/vendor/laravel/framework/src/Illuminate/Foundation/Console/Kernel.php(383): Illuminate\\Foundation\\Application->bootstrapWith(Array)
#25 /Users/us/Documents/GitHub/phpshort/vendor/laravel/framework/src/Illuminate/Foundation/Console/Kernel.php(153): Illuminate\\Foundation\\Console\\Kernel->bootstrap()
#26 /Users/us/Documents/GitHub/phpshort/artisan(35): Illuminate\\Foundation\\Console\\Kernel->handle(Object(Symfony\\Component\\Console\\Input\\ArgvInput), Object(Symfony\\Component\\Console\\Output\\ConsoleOutput))
#27 {main}
"} 
[2024-01-12 23:05:49] local.ERROR: require(/Users/us/Documents/GitHub/phpshort/routes/web.php): Failed to open stream: No such file or directory {"exception":"[object] (ErrorException(code: 0): require(/Users/us/Documents/GitHub/phpshort/routes/web.php): Failed to open stream: No such file or directory at /Users/us/Documents/GitHub/phpshort/vendor/laravel/framework/src/Illuminate/Routing/RouteFileRegistrar.php:35)
[stacktrace]
#0 /Users/us/Documents/GitHub/phpshort/vendor/laravel/framework/src/Illuminate/Foundation/Bootstrap/HandleExceptions.php(270): Illuminate\\Foundation\\Bootstrap\\HandleExceptions->handleError(2, 'require(/Users/...', '/Users/us/Docum...', 35)
#1 /Users/us/Documents/GitHub/phpshort/vendor/laravel/framework/src/Illuminate/Routing/RouteFileRegistrar.php(35): Illuminate\\Foundation\\Bootstrap\\HandleExceptions->Illuminate\\Foundation\\Bootstrap\\{closure}(2, 'require(/Users/...', '/Users/us/Docum...', 35)
#2 /Users/us/Documents/GitHub/phpshort/vendor/laravel/framework/src/Illuminate/Routing/RouteFileRegistrar.php(35): require('/Users/us/Docum...')
#3 /Users/us/Documents/GitHub/phpshort/vendor/laravel/framework/src/Illuminate/Routing/Router.php(503): Illuminate\\Routing\\RouteFileRegistrar->register('/Users/us/Docum...')
#4 /Users/us/Documents/GitHub/phpshort/vendor/laravel/framework/src/Illuminate/Routing/Router.php(457): Illuminate\\Routing\\Router->loadRoutes('/Users/us/Docum...')
#5 /Users/us/Documents/GitHub/phpshort/vendor/laravel/framework/src/Illuminate/Routing/RouteRegistrar.php(192): Illuminate\\Routing\\Router->group(Array, '/Users/us/Docum...')
#6 /Users/us/Documents/GitHub/phpshort/app/Providers/RouteServiceProvider.php(56): Illuminate\\Routing\\RouteRegistrar->group('/Users/us/Docum...')
#7 /Users/us/Documents/GitHub/phpshort/app/Providers/RouteServiceProvider.php(40): App\\Providers\\RouteServiceProvider->mapWebRoutes()
#8 /Users/us/Documents/GitHub/phpshort/vendor/laravel/framework/src/Illuminate/Container/BoundMethod.php(36): App\\Providers\\RouteServiceProvider->map()
#9 /Users/us/Documents/GitHub/phpshort/vendor/laravel/framework/src/Illuminate/Container/Util.php(41): Illuminate\\Container\\BoundMethod::Illuminate\\Container\\{closure}()
#10 /Users/us/Documents/GitHub/phpshort/vendor/laravel/framework/src/Illuminate/Container/BoundMethod.php(93): Illuminate\\Container\\Util::unwrapIfClosure(Object(Closure))
#11 /Users/us/Documents/GitHub/phpshort/vendor/laravel/framework/src/Illuminate/Container/BoundMethod.php(35): Illuminate\\Container\\BoundMethod::callBoundMethod(Object(Illuminate\\Foundation\\Application), Array, Object(Closure))
#12 /Users/us/Documents/GitHub/phpshort/vendor/laravel/framework/src/Illuminate/Container/Container.php(661): Illuminate\\Container\\BoundMethod::call(Object(Illuminate\\Foundation\\Application), Array, Array, NULL)
#13 /Users/us/Documents/GitHub/phpshort/vendor/laravel/framework/src/Illuminate/Foundation/Support/Providers/RouteServiceProvider.php(122): Illuminate\\Container\\Container->call(Array)
#14 /Users/us/Documents/GitHub/phpshort/vendor/laravel/framework/src/Illuminate/Foundation/Support/Providers/RouteServiceProvider.php(45): Illuminate\\Foundation\\Support\\Providers\\RouteServiceProvider->loadRoutes()
#15 /Users/us/Documents/GitHub/phpshort/vendor/laravel/framework/src/Illuminate/Container/BoundMethod.php(36): Illuminate\\Foundation\\Support\\Providers\\RouteServiceProvider->Illuminate\\Foundation\\Support\\Providers\\{closure}()
#16 /Users/us/Documents/GitHub/phpshort/vendor/laravel/framework/src/Illuminate/Container/Util.php(41): Illuminate\\Container\\BoundMethod::Illuminate\\Container\\{closure}()
#17 /Users/us/Documents/GitHub/phpshort/vendor/laravel/framework/src/Illuminate/Container/BoundMethod.php(81): Illuminate\\Container\\Util::unwrapIfClosure(Object(Closure))
#18 /Users/us/Documents/GitHub/phpshort/vendor/laravel/framework/src/Illuminate/Container/BoundMethod.php(35): Illuminate\\Container\\BoundMethod::callBoundMethod(Object(Illuminate\\Foundation\\Application), Object(Closure), Object(Closure))
#19 /Users/us/Documents/GitHub/phpshort/vendor/laravel/framework/src/Illuminate/Container/Container.php(661): Illuminate\\Container\\BoundMethod::call(Object(Illuminate\\Foundation\\Application), Object(Closure), Array, NULL)
#20 /Users/us/Documents/GitHub/phpshort/vendor/laravel/framework/src/Illuminate/Support/ServiceProvider.php(119): Illuminate\\Container\\Container->call(Object(Closure))
#21 /Users/us/Documents/GitHub/phpshort/vendor/laravel/framework/src/Illuminate/Foundation/Application.php(932): Illuminate\\Support\\ServiceProvider->callBootedCallbacks()
#22 /Users/us/Documents/GitHub/phpshort/vendor/laravel/framework/src/Illuminate/Foundation/Application.php(910): Illuminate\\Foundation\\Application->bootProvider(Object(App\\Providers\\RouteServiceProvider))
#23 [internal function]: Illuminate\\Foundation\\Application->Illuminate\\Foundation\\{closure}(Object(App\\Providers\\RouteServiceProvider), 27)
#24 /Users/us/Documents/GitHub/phpshort/vendor/laravel/framework/src/Illuminate/Foundation/Application.php(909): array_walk(Array, Object(Closure))
#25 /Users/us/Documents/GitHub/phpshort/vendor/laravel/framework/src/Illuminate/Foundation/Bootstrap/BootProviders.php(17): Illuminate\\Foundation\\Application->boot()
#26 /Users/us/Documents/GitHub/phpshort/vendor/laravel/framework/src/Illuminate/Foundation/Application.php(242): Illuminate\\Foundation\\Bootstrap\\BootProviders->bootstrap(Object(Illuminate\\Foundation\\Application))
#27 /Users/us/Documents/GitHub/phpshort/vendor/laravel/framework/src/Illuminate/Foundation/Console/Kernel.php(383): Illuminate\\Foundation\\Application->bootstrapWith(Array)
#28 /Users/us/Documents/GitHub/phpshort/vendor/laravel/framework/src/Illuminate/Foundation/Console/Kernel.php(153): Illuminate\\Foundation\\Console\\Kernel->bootstrap()
#29 /Users/us/Documents/GitHub/phpshort/artisan(35): Illuminate\\Foundation\\Console\\Kernel->handle(Object(Symfony\\Component\\Console\\Input\\ArgvInput), Object(Symfony\\Component\\Console\\Output\\ConsoleOutput))
#30 {main}
"} 
[2024-01-12 23:06:28] local.ERROR: require(/Users/us/Documents/GitHub/phpshort/routes/console.php): Failed to open stream: No such file or directory {"exception":"[object] (ErrorException(code: 0): require(/Users/us/Documents/GitHub/phpshort/routes/console.php): Failed to open stream: No such file or directory at /Users/us/Documents/GitHub/phpshort/app/Console/Kernel.php:42)
[stacktrace]
#0 /Users/us/Documents/GitHub/phpshort/vendor/laravel/framework/src/Illuminate/Foundation/Bootstrap/HandleExceptions.php(270): Illuminate\\Foundation\\Bootstrap\\HandleExceptions->handleError(2, 'require(/Users/...', '/Users/us/Docum...', 42)
#1 /Users/us/Documents/GitHub/phpshort/app/Console/Kernel.php(42): Illuminate\\Foundation\\Bootstrap\\HandleExceptions->Illuminate\\Foundation\\Bootstrap\\{closure}(2, 'require(/Users/...', '/Users/us/Docum...', 42)
#2 /Users/us/Documents/GitHub/phpshort/app/Console/Kernel.php(42): require('/Users/us/Docum...')
#3 /Users/us/Documents/GitHub/phpshort/vendor/laravel/framework/src/Illuminate/Foundation/Console/Kernel.php(389): App\\Console\\Kernel->commands()
#4 /Users/us/Documents/GitHub/phpshort/vendor/laravel/framework/src/Illuminate/Foundation/Console/Kernel.php(153): Illuminate\\Foundation\\Console\\Kernel->bootstrap()
#5 /Users/us/Documents/GitHub/phpshort/artisan(35): Illuminate\\Foundation\\Console\\Kernel->handle(Object(Symfony\\Component\\Console\\Input\\ArgvInput), Object(Symfony\\Component\\Console\\Output\\ConsoleOutput))
#6 {main}
"} 
